<?xml version="1.0" encoding="UTF-8"?>
<!-- Generated by org.testng.reporters.JUnitXMLReporter -->
<testsuite hostname="Milins-MacBook-Pro.local" ignored="0" name="testGuru999SIkhie che" tests="4" failures="1" timestamp="25 Dec 2018 04:35:11 GMT" time="14.596" errors="0">
  <testcase name="yahooLoginDetails" time="5.608" classname="step.com.testNG.YahooLoginParameters_XMLFile"/>
  <testcase name="Login" time="1.706" classname="step.com.testNG.TestNGListenerDemo"/>
  <testcase name="getTitleOfLoginPage" time="0.02" classname="step.com.testNG.TestNGListenerDemo">
    <failure type="java.lang.AssertionError" message="expected [Guru99 Bank Home Page] but found [Guru99 Bank Manager HomePage]">
      <![CDATA[java.lang.AssertionError: expected [Guru99 Bank Home Page] but found [Guru99 Bank Manager HomePage]
at step.com.testNG.TestNGListenerDemo.getTitleOfLoginPage(TestNGListenerDemo.java:43)
... Removed 31 stack frames]]>
    </failure>
  </testcase> <!-- getTitleOfLoginPage -->
  <testcase name="verifyHomepage" time="0.006" classname="step.com.testNG.TestNgInstallationCheck"/>
</testsuite> <!-- testGuru999SIkhie che -->
