<?xml version="1.0" encoding="UTF-8"?>
<!-- Generated by org.testng.reporters.JUnitXMLReporter -->
<testsuite hostname="Milins-MacBook-Pro.local" ignored="0" name="testGuru" tests="3" failures="0" timestamp="24 Dec 2018 03:15:33 GMT" time="8.306" errors="0">
  <testcase name="executSessionThree" time="4.769" classname="step.com.testNG.MultipleSessionHandling"/>
  <testcase name="executSessionOne" time="5.006" classname="step.com.testNG.MultipleSessionHandling"/>
  <testcase name="executeSessionTwo" time="3.499" classname="step.com.testNG.MultipleSessionHandling"/>
</testsuite> <!-- testGuru -->
